#
# A fatal error has been detected by the Java Runtime Environment:
#
#  SIGSEGV (0xb) at pc=0x00000001120de543, pid=98709, tid=0x0000000000001703
#
# JRE version: OpenJDK Runtime Environment (8.0_332-b08) (build 1.8.0_332-b08)
# Java VM: OpenJDK 64-Bit Server VM (25.332-b08 mixed mode bsd-amd64 compressed oops)
# Problematic frame:
# J 30 C1 java.lang.AbstractStringBuilder.append(Ljava/lang/String;)Ljava/lang/AbstractStringBuilder; (50 bytes) @ 0x00000001120de543 [0x00000001120de4a0+0xa3]
#
# Failed to write core dump. Core dumps have been disabled. To enable core dumping, try "ulimit -c unlimited" before starting Java again
#
# If you would like to submit a bug report, please visit:
#   https://github.com/corretto/corretto-8/issues/
#

---------------  T H R E A D  ---------------

Current thread (0x00007fa1ac80a800):  JavaThread "main" [_thread_in_Java, id=5891, stack(0x0000700004f4a000,0x000070000504a000)]

siginfo: si_signo: 11 (SIGSEGV), si_code: 1 (SEGV_MAPERR), si_addr: 0x000000046c656800

Registers:
RAX=0x00000000000000c2, RBX=0x0000000000000108, RCX=0x000000076abaae88, RDX=0x000000046c656800
RSP=0x0000700005049750, RBP=0x00007000050498e0, RSI=0x000000076abaae88, RDI=0x000000010d13c258
R8 =0x0000000000000007, R9 =0x0000000000000007, R10=0x000000010ba94380, R11=0x00000001120ddb20
R12=0x0000000000000000, R13=0x0000700005049890, R14=0x00007000050498f0, R15=0x00007fa1ac80a800
RIP=0x00000001120de543, EFLAGS=0x0000000000010206, ERR=0x0000000000000004
  TRAPNO=0x000000000000000e

Top of Stack: (sp=0x0000700005049750)
0x0000700005049750:   0000700005049770 0000000000000007
0x0000700005049760:   00007000050497a0 000000010d300498
0x0000700005049770:   00007fa1ac80a800 000000010d300498
0x0000700005049780:   00007000050497e0 000000010b464328
0x0000700005049790:   00007000050497e0 000000010d300498
0x00007000050497a0:   00007000050497c0 000000010b8f07b7
0x00007000050497b0:   00007fa1ac306560 000000010d301700
0x00007000050497c0:   00007000050497d0 000000010b8f0794
0x00007000050497d0:   00007fa1ac306560 000000010d301700
0x00007000050497e0:   0000700005049880 000000010b6543bd
0x00007000050497f0:   000000010d301700 0000000700000046
0x0000700005049800:   000000076abaafe0 000000076abaae88
0x0000700005049810:   000000076abab138 000000076abab170
0x0000700005049820:   000000010d3016d7 00000000000000e6
0x0000700005049830:   00007000050498e0 00000001120ddb84
0x0000700005049840:   00007fa1ac80a800 00007fa1ac80a800
0x0000700005049850:   000000010d301700 00007fa1ac80a800
0x0000700005049860:   000000076abaae88 0000000000000000
0x0000700005049870:   00007000050498e0 0000000111fc9d80
0x0000700005049880:   00007000050498e0 0000000111fc9d80
0x0000700005049890:   000000046c656800 000000076abaae88
0x00007000050498a0:   00007000050498a0 000000010d3016e0
0x00007000050498b0:   00007000050498f0 000000010d301a40
0x00007000050498c0:   0000000000000000 000000010d301700
0x00007000050498d0:   0000700005049890 00007000050498f0
0x00007000050498e0:   0000700005049938 0000000111fc9d80
0x00007000050498f0:   000000076ab98350 00007000050498f8
0x0000700005049900:   000000010cf060ba 0000700005049948
0x0000700005049910:   000000010cfaf960 0000000000000000
0x0000700005049920:   000000010cf060c8 00007000050498f0
0x0000700005049930:   0000700005049948 0000700005049998
0x0000700005049940:   0000000111fc9d80 000000076ab98350 

Instructions: (pc=0x00000001120de543)
0x00000001120de523:   0a 00 00 00 48 bb 18 01 00 00 00 00 00 00 48 8b
0x00000001120de533:   04 1f 48 8d 40 01 48 89 04 1f 0f 84 c0 04 00 00
0x00000001120de543:   48 3b 02 48 8b fa 48 bb 58 c2 13 0d 01 00 00 00
0x00000001120de553:   8b 7f 08 48 c1 e7 03 48 3b bb 40 01 00 00 75 0d 

Register to memory mapping:

RAX=0x00000000000000c2 is an unknown value
RBX=0x0000000000000108 is an unknown value
RCX=0x000000076abaae88 is an oop
java.lang.StringBuilder 
 - klass: 'java/lang/StringBuilder'
RDX=0x000000046c656800 is an unknown value
RSP=0x0000700005049750 is pointing into the stack for thread: 0x00007fa1ac80a800
RBP=0x00007000050498e0 is pointing into the stack for thread: 0x00007fa1ac80a800
RSI=0x000000076abaae88 is an oop
java.lang.StringBuilder 
 - klass: 'java/lang/StringBuilder'
RDI=0x000000010d13c258 is pointing into metadata
R8 =0x0000000000000007 is an unknown value
R9 =0x0000000000000007 is an unknown value
R10=0x000000010ba94380: _ZN19TemplateInterpreter20_invoke_return_entryE+0 in /Users/lap13727/Library/Java/JavaVirtualMachines/corretto-1.8.0_332/Contents/Home/jre/lib/server/libjvm.dylib at 0x000000010b399000
R11=0x00000001120ddb20 is at entry_point+32 in (nmethod*)0x00000001120dd990
R12=0x0000000000000000 is an unknown value
R13=0x0000700005049890 is pointing into the stack for thread: 0x00007fa1ac80a800
R14=0x00007000050498f0 is pointing into the stack for thread: 0x00007fa1ac80a800
R15=0x00007fa1ac80a800 is a thread


Stack: [0x0000700004f4a000,0x000070000504a000],  sp=0x0000700005049750,  free space=1021k
Native frames: (J=compiled Java code, j=interpreted, Vv=VM code, C=native code)
J 30 C1 java.lang.AbstractStringBuilder.append(Ljava/lang/String;)Ljava/lang/AbstractStringBuilder; (50 bytes) @ 0x00000001120de543 [0x00000001120de4a0+0xa3]
J 33 C1 java.lang.StringBuilder.append(Ljava/lang/String;)Ljava/lang/StringBuilder; (8 bytes) @ 0x00000001120ddb84 [0x00000001120ddb00+0x84]
j  DateTime.toString()Ljava/lang/String;+88
j  java.lang.String.valueOf(Ljava/lang/Object;)Ljava/lang/String;+10
j  java.io.PrintStream.print(Ljava/lang/Object;)V+2
j  MainKt.main()V+10
j  MainKt.main([Ljava/lang/String;)V+0
v  ~StubRoutines::call_stub
V  [libjvm.dylib+0x2c406c]
V  [libjvm.dylib+0x2fffd1]
V  [libjvm.dylib+0x302977]
C  [java+0x666b]  JavaMain+0x9d3
C  [libsystem_pthread.dylib+0x64e1]  _pthread_start+0x7d
C  [libsystem_pthread.dylib+0x1f6b]  thread_start+0xf
C  0x0000000000000000


---------------  P R O C E S S  ---------------

Java Threads: ( => current thread )
  0x00007fa1ad829000 JavaThread "Service Thread" daemon [_thread_blocked, id=15875, stack(0x0000700006183000,0x0000700006283000)]
  0x00007fa1ab813000 JavaThread "C1 CompilerThread3" daemon [_thread_blocked, id=15107, stack(0x0000700006080000,0x0000700006180000)]
  0x00007fa1ad034800 JavaThread "C2 CompilerThread2" daemon [_thread_blocked, id=16643, stack(0x0000700005f7d000,0x000070000607d000)]
  0x00007fa1ab812000 JavaThread "C2 CompilerThread1" daemon [_thread_blocked, id=14851, stack(0x0000700005e7a000,0x0000700005f7a000)]
  0x00007fa1ac852800 JavaThread "C2 CompilerThread0" daemon [_thread_blocked, id=17411, stack(0x0000700005d77000,0x0000700005e77000)]
  0x00007fa1ac850800 JavaThread "Signal Dispatcher" daemon [_thread_blocked, id=14339, stack(0x0000700005c74000,0x0000700005d74000)]
  0x00007fa1ad823800 JavaThread "Finalizer" daemon [_thread_blocked, id=12291, stack(0x0000700005a6b000,0x0000700005b6b000)]
  0x00007fa1ad821000 JavaThread "Reference Handler" daemon [_thread_blocked, id=12035, stack(0x0000700005968000,0x0000700005a68000)]
=>0x00007fa1ac80a800 JavaThread "main" [_thread_in_Java, id=5891, stack(0x0000700004f4a000,0x000070000504a000)]

Other Threads:
  0x00007fa1ad81a000 VMThread [stack: 0x0000700005865000,0x0000700005965000] [id=19459]
  0x00007fa1ad827000 WatcherThread [stack: 0x0000700006286000,0x0000700006386000] [id=15363]

VM state:not at safepoint (normal execution)

VM Mutex/Monitor currently owned by a thread: None

heap address: 0x00000006c0000000, size: 4096 MB, Compressed Oops mode: Zero based, Oop shift amount: 3
Narrow klass base: 0x0000000000000000, Narrow klass shift: 3
Compressed class space size: 1073741824 Address: 0x00000007c0000000

Heap:
 PSYoungGen      total 76288K, used 2621K [0x000000076ab00000, 0x0000000770000000, 0x00000007c0000000)
  eden space 65536K, 4% used [0x000000076ab00000,0x000000076ad8f5e8,0x000000076eb00000)
  from space 10752K, 0% used [0x000000076f580000,0x000000076f580000,0x0000000770000000)
  to   space 10752K, 0% used [0x000000076eb00000,0x000000076eb00000,0x000000076f580000)
 ParOldGen       total 175104K, used 0K [0x00000006c0000000, 0x00000006cab00000, 0x000000076ab00000)
  object space 175104K, 0% used [0x00000006c0000000,0x00000006c0000000,0x00000006cab00000)
 Metaspace       used 2969K, capacity 4564K, committed 4864K, reserved 1056768K
  class space    used 314K, capacity 388K, committed 512K, reserved 1048576K

Card table byte_map: [0x000000010aa6f000,0x000000010b270000] byte_map_base: 0x000000010746f000

Marking Bits: (ParMarkBitMap*) 0x000000010ba88c48
 Begin Bits: [0x0000000120fc2000, 0x0000000124fc2000)
 End Bits:   [0x0000000124fc2000, 0x0000000128fc2000)

Polling page: 0x000000010a5c4000

CodeCache: size=245760Kb used=1139Kb max_used=1139Kb free=244620Kb
 bounds [0x0000000111fc2000, 0x0000000112232000, 0x0000000120fc2000]
 total_blobs=288 nmethods=35 adapters=167
 compilation: enabled

Compilation events (10 events):
Event: 0.065 Thread 0x00007fa1ab813000   31       1       java.io.File::getPath (5 bytes)
Event: 0.065 Thread 0x00007fa1ab813000 nmethod 31 0x00000001120de010 code [0x00000001120de160, 0x00000001120de270]
Event: 0.065 Thread 0x00007fa1ab813000   32       3       java.lang.System::getSecurityManager (4 bytes)
Event: 0.065 Thread 0x00007fa1ab813000 nmethod 32 0x00000001120ddd10 code [0x00000001120dde60, 0x00000001120ddfb0]
Event: 0.065 Thread 0x00007fa1ab813000   33       3       java.lang.StringBuilder::append (8 bytes)
Event: 0.065 Thread 0x00007fa1ab813000 nmethod 33 0x00000001120dd990 code [0x00000001120ddb00, 0x00000001120ddc88]
Event: 0.318 Thread 0x00007fa1ab813000   34       3       java.lang.String::lastIndexOf (52 bytes)
Event: 0.318 Thread 0x00007fa1ab813000 nmethod 34 0x00000001120dd310 code [0x00000001120dd4a0, 0x00000001120dd828]
Event: 0.319 Thread 0x00007fa1ab813000   35       3       java.lang.String::startsWith (72 bytes)
Event: 0.319 Thread 0x00007fa1ab813000 nmethod 35 0x00000001120dc810 code [0x00000001120dc980, 0x00000001120dccb0]

GC Heap History (0 events):
No events

Deoptimization events (0 events):
No events

Classes redefined (0 events):
No events

Internal exceptions (2 events):
Event: 0.020 Thread 0x00007fa1ac80a800 Exception <a 'java/lang/NoSuchMethodError': Method sun.misc.Unsafe.defineClass(Ljava/lang/String;[BII)Ljava/lang/Class; name or signature does not match> (0x000000076ab08288) thrown at [/Users/ec2-user/workspace/Corretto8/macos/x64/build/Corretto8Src/inst
Event: 0.020 Thread 0x00007fa1ac80a800 Exception <a 'java/lang/NoSuchMethodError': Method sun.misc.Unsafe.prefetchRead(Ljava/lang/Object;J)V name or signature does not match> (0x000000076ab08570) thrown at [/Users/ec2-user/workspace/Corretto8/macos/x64/build/Corretto8Src/installers/mac/tar/cor

Events (10 events):
Event: 0.323 loading class java/util/concurrent/ConcurrentHashMap$ForwardingNode
Event: 0.323 loading class java/util/concurrent/ConcurrentHashMap$ForwardingNode done
Event: 0.323 loading class java/lang/IllegalStateException
Event: 0.323 loading class java/lang/IllegalStateException done
Event: 0.323 loading class java/lang/UnsupportedOperationException
Event: 0.323 loading class java/lang/UnsupportedOperationException done
Event: 0.324 loading class kotlin/KotlinNullPointerException
Event: 0.324 loading class kotlin/KotlinNullPointerException done
Event: 0.324 loading class kotlin/UninitializedPropertyAccessException
Event: 0.324 loading class kotlin/UninitializedPropertyAccessException done


Dynamic libraries:
0x00007ff81f8fd000 	/System/Library/Frameworks/Cocoa.framework/Versions/A/Cocoa
0x00007ff80b566000 	/System/Library/Frameworks/AppKit.framework/Versions/C/AppKit
0x00007ff80ea79000 	/System/Library/Frameworks/CoreData.framework/Versions/A/CoreData
0x00007ff80996a000 	/System/Library/Frameworks/Foundation.framework/Versions/C/Foundation
0x00007ff813892000 	/usr/lib/libSystem.B.dylib
0x00007ff80c3f5000 	/System/Library/PrivateFrameworks/UIFoundation.framework/Versions/A/UIFoundation
0x00007ff819801000 	/System/Library/PrivateFrameworks/RemoteViewServices.framework/Versions/A/RemoteViewServices
0x00007ff811ae7000 	/System/Library/PrivateFrameworks/XCTTargetBootstrap.framework/Versions/A/XCTTargetBootstrap
0x00007ff815699000 	/System/Library/PrivateFrameworks/InternationalSupport.framework/Versions/A/InternationalSupport
0x00007ff815723000 	/System/Library/PrivateFrameworks/UserActivity.framework/Versions/A/UserActivity
0x00007ff814a79000 	/usr/lib/libspindump.dylib
0x00007ff80c683000 	/System/Library/Frameworks/UniformTypeIdentifiers.framework/Versions/A/UniformTypeIdentifiers
0x00007ff81020f000 	/usr/lib/libapp_launch_measurement.dylib
0x00007ff80f44a000 	/System/Library/PrivateFrameworks/CoreAnalytics.framework/Versions/A/CoreAnalytics
0x00007ff810212000 	/System/Library/PrivateFrameworks/CoreAutoLayout.framework/Versions/A/CoreAutoLayout
0x00007ff811441000 	/System/Library/Frameworks/Metal.framework/Versions/A/Metal
0x00007ff81216c000 	/usr/lib/liblangid.dylib
0x00007ff811aec000 	/System/Library/PrivateFrameworks/CoreSVG.framework/Versions/A/CoreSVG
0x00007ff80da6e000 	/System/Library/PrivateFrameworks/SkyLight.framework/Versions/A/SkyLight
0x00007ff80de0c000 	/System/Library/Frameworks/CoreGraphics.framework/Versions/A/CoreGraphics
0x00007ff819ec1000 	/System/Library/Frameworks/Accelerate.framework/Versions/A/Accelerate
0x00007ff8144f8000 	/System/Library/PrivateFrameworks/IconServices.framework/Versions/A/IconServices
0x00007ff811426000 	/System/Library/Frameworks/IOSurface.framework/Versions/A/IOSurface
0x00007ff80f478000 	/usr/lib/libDiagnosticMessagesClient.dylib
0x00007ff8137b2000 	/usr/lib/libz.1.dylib
0x00007ff81d5a1000 	/System/Library/Frameworks/ApplicationServices.framework/Versions/A/ApplicationServices
0x00007ff811ad3000 	/System/Library/PrivateFrameworks/DFRFoundation.framework/Versions/A/DFRFoundation
0x00007ff80ae4e000 	/usr/lib/libicucore.A.dylib
0x00007ff81648e000 	/System/Library/Frameworks/AudioToolbox.framework/Versions/A/AudioToolbox
0x00007ff8156a5000 	/System/Library/PrivateFrameworks/DataDetectorsCore.framework/Versions/A/DataDetectorsCore
0x00007ff911b8c000 	/System/Library/PrivateFrameworks/TextInput.framework/Versions/A/TextInput
0x00007ff80d9f1000 	/usr/lib/libMobileGestalt.dylib
0x00007ff8117df000 	/System/Library/Frameworks/Carbon.framework/Versions/A/Frameworks/HIToolbox.framework/Versions/A/HIToolbox
0x00007ff80fc15000 	/System/Library/Frameworks/QuartzCore.framework/Versions/A/QuartzCore
0x00007ff80aaf3000 	/System/Library/Frameworks/Security.framework/Versions/A/Security
0x00007ff819839000 	/System/Library/Frameworks/Carbon.framework/Versions/A/Frameworks/SpeechRecognition.framework/Versions/A/SpeechRecognition
0x00007ff80ff6f000 	/System/Library/PrivateFrameworks/CoreUI.framework/Versions/A/CoreUI
0x00007ff80a3be000 	/System/Library/Frameworks/CoreAudio.framework/Versions/A/CoreAudio
0x00007ff80f567000 	/System/Library/Frameworks/DiskArbitration.framework/Versions/A/DiskArbitration
0x00007ff814e67000 	/System/Library/PrivateFrameworks/MultitouchSupport.framework/Versions/A/MultitouchSupport
0x00007ff80d9f0000 	/usr/lib/libenergytrace.dylib
0x00007ff80b452000 	/System/Library/Frameworks/IOKit.framework/Versions/A/IOKit
0x00007ff819c29000 	/System/Library/Frameworks/CoreServices.framework/Versions/A/CoreServices
0x00007ff8101a9000 	/System/Library/PrivateFrameworks/PerformanceAnalysis.framework/Versions/A/PerformanceAnalysis
0x00007ffa21871000 	/System/Library/Frameworks/OpenGL.framework/Versions/A/OpenGL
0x00007ff812dce000 	/System/Library/PrivateFrameworks/MobileKeyBag.framework/Versions/A/MobileKeyBag
0x00007ff80892e000 	/usr/lib/libobjc.A.dylib
0x00007ff80e4d8000 	/System/Library/Frameworks/ColorSync.framework/Versions/A/ColorSync
0x00007ff808ae8000 	/System/Library/Frameworks/CoreFoundation.framework/Versions/A/CoreFoundation
0x00007ff811d62000 	/System/Library/Frameworks/CoreImage.framework/Versions/A/CoreImage
0x00007ff80a1d2000 	/System/Library/Frameworks/CoreText.framework/Versions/A/CoreText
0x00007ff811b1c000 	/System/Library/Frameworks/ImageIO.framework/Versions/A/ImageIO
0x00007ff813898000 	/System/Library/PrivateFrameworks/SoftLinking.framework/Versions/A/SoftLinking
0x00007ff81025a000 	/usr/lib/libxml2.2.dylib
0x00007ff8089f4000 	/usr/lib/libc++.1.dylib
0x00007ff813b1c000 	/usr/lib/libcompression.dylib
0x00007ff8155cc000 	/System/Library/PrivateFrameworks/TextureIO.framework/Versions/A/TextureIO
0x00007ff81420a000 	/usr/lib/libate.dylib
0x00007ff81388d000 	/usr/lib/system/libcache.dylib
0x00007ff813849000 	/usr/lib/system/libcommonCrypto.dylib
0x00007ff813872000 	/usr/lib/system/libcompiler_rt.dylib
0x00007ff813868000 	/usr/lib/system/libcopyfile.dylib
0x00007ff808829000 	/usr/lib/system/libcorecrypto.dylib
0x00007ff8088e7000 	/usr/lib/system/libdispatch.dylib
0x00007ff808aa7000 	/usr/lib/system/libdyld.dylib
0x00007ff813884000 	/usr/lib/system/libkeymgr.dylib
0x00007ff813827000 	/usr/lib/system/libmacho.dylib
0x00007ff812ea8000 	/usr/lib/system/libquarantine.dylib
0x00007ff813882000 	/usr/lib/system/libremovefile.dylib
0x00007ff80da3e000 	/usr/lib/system/libsystem_asl.dylib
0x00007ff8087d2000 	/usr/lib/system/libsystem_blocks.dylib
0x00007ff80896b000 	/usr/lib/system/libsystem_c.dylib
0x00007ff81387a000 	/usr/lib/system/libsystem_collections.dylib
0x00007ff81215c000 	/usr/lib/system/libsystem_configuration.dylib
0x00007ff811409000 	/usr/lib/system/libsystem_containermanager.dylib
0x00007ff81355f000 	/usr/lib/system/libsystem_coreservices.dylib
0x00007ff80b0e2000 	/usr/lib/system/libsystem_darwin.dylib
0x00007ff813885000 	/usr/lib/system/libsystem_dnssd.dylib
0x00007ff808968000 	/usr/lib/system/libsystem_featureflags.dylib
0x00007ff808abd000 	/usr/lib/system/libsystem_info.dylib
0x00007ff8137c5000 	/usr/lib/system/libsystem_m.dylib
0x00007ff8088bb000 	/usr/lib/system/libsystem_malloc.dylib
0x00007ff80d9d9000 	/usr/lib/system/libsystem_networkextension.dylib
0x00007ff80b508000 	/usr/lib/system/libsystem_notify.dylib
0x00007ff819afe000 	/usr/lib/system/libsystem_product_info_filter.dylib
0x00007ff812160000 	/usr/lib/system/libsystem_sandbox.dylib
0x00007ff81387f000 	/usr/lib/system/libsystem_secinit.dylib
0x00007ff808a63000 	/usr/lib/system/libsystem_kernel.dylib
0x00007ff808ab3000 	/usr/lib/system/libsystem_platform.dylib
0x00007ff808a9b000 	/usr/lib/system/libsystem_pthread.dylib
0x00007ff80f28a000 	/usr/lib/system/libsystem_symptoms.dylib
0x00007ff808810000 	/usr/lib/system/libsystem_trace.dylib
0x00007ff813855000 	/usr/lib/system/libunwind.dylib
0x00007ff8087d4000 	/usr/lib/system/libxpc.dylib
0x00007ff808a4d000 	/usr/lib/libc++abi.dylib
0x00007ff813860000 	/usr/lib/liboah.dylib
0x00007ff813fe6000 	/usr/lib/liblzma.5.dylib
0x00007ff809679000 	/System/Library/Frameworks/SystemConfiguration.framework/Versions/A/SystemConfiguration
0x00007ff813894000 	/usr/lib/libfakelink.dylib
0x00007ff80d54a000 	/System/Library/Frameworks/CFNetwork.framework/Versions/A/CFNetwork
0x00007ff8139d5000 	/usr/lib/libarchive.2.dylib
0x00007ff812168000 	/System/Library/PrivateFrameworks/AppleSystemInfo.framework/Versions/A/AppleSystemInfo
0x00007ff812ecf000 	/usr/lib/libbsm.0.dylib
0x00007ff80cb59000 	/usr/lib/libnetwork.dylib
0x00007ff81382d000 	/usr/lib/system/libkxld.dylib
0x00007ff812b02000 	/System/Library/PrivateFrameworks/IOMobileFramebuffer.framework/Versions/A/IOMobileFramebuffer
0x00007ffb20c45000 	/usr/lib/libCoreEntitlements.dylib
0x00007ff813541000 	/System/Library/PrivateFrameworks/AppleFSCompression.framework/Versions/A/AppleFSCompression
0x00007ff812eb7000 	/usr/lib/libcoretls.dylib
0x00007ff814000000 	/usr/lib/libcoretls_cfhelpers.dylib
0x00007ff813b17000 	/usr/lib/libpam.2.dylib
0x00007ff80eeaa000 	/usr/lib/libsqlite3.dylib
0x00007ff81406f000 	/usr/lib/libxar.1.dylib
0x00007ff813551000 	/usr/lib/libbz2.1.0.dylib
0x00007ff813899000 	/usr/lib/libpcap.A.dylib
0x00007ff80f282000 	/usr/lib/libdns_services.dylib
0x00007ff813ae7000 	/usr/lib/libapple_nghttp2.dylib
0x00007ff8138d3000 	/usr/lib/libiconv.2.dylib
0x00007ff813826000 	/usr/lib/libcharset.1.dylib
0x00007ff8101dd000 	/System/Library/Frameworks/CoreServices.framework/Versions/A/Frameworks/FSEvents.framework/Versions/A/FSEvents
0x00007ff80b0ec000 	/System/Library/Frameworks/CoreServices.framework/Versions/A/Frameworks/CarbonCore.framework/Versions/A/CarbonCore
0x00007ff80f4cb000 	/System/Library/Frameworks/CoreServices.framework/Versions/A/Frameworks/Metadata.framework/Versions/A/Metadata
0x00007ff813564000 	/System/Library/Frameworks/CoreServices.framework/Versions/A/Frameworks/OSServices.framework/Versions/A/OSServices
0x00007ff813a5c000 	/System/Library/Frameworks/CoreServices.framework/Versions/A/Frameworks/SearchKit.framework/Versions/A/SearchKit
0x00007ff80f215000 	/System/Library/Frameworks/CoreServices.framework/Versions/A/Frameworks/AE.framework/Versions/A/AE
0x00007ff808feb000 	/System/Library/Frameworks/CoreServices.framework/Versions/A/Frameworks/LaunchServices.framework/Versions/A/LaunchServices
0x00007ff813f97000 	/System/Library/Frameworks/CoreServices.framework/Versions/A/Frameworks/DictionaryServices.framework/Versions/A/DictionaryServices
0x00007ff8101ea000 	/System/Library/Frameworks/CoreServices.framework/Versions/A/Frameworks/SharedFileList.framework/Versions/A/SharedFileList
0x00007ff812eab000 	/usr/lib/libCheckFix.dylib
0x00007ff80da55000 	/System/Library/PrivateFrameworks/TCC.framework/Versions/A/TCC
0x00007ff81216e000 	/System/Library/PrivateFrameworks/CoreNLP.framework/Versions/A/CoreNLP
0x00007ff80f47b000 	/System/Library/PrivateFrameworks/MetadataUtilities.framework/Versions/A/MetadataUtilities
0x00007ff80972d000 	/usr/lib/libmecabra.dylib
0x00007ff812edf000 	/usr/lib/libmecab.dylib
0x00007ff8096f8000 	/usr/lib/libCRFSuite.dylib
0x00007ff812f39000 	/usr/lib/libgermantok.dylib
0x00007ff813ac2000 	/usr/lib/libThaiTokenizer.dylib
0x00007ff80f56e000 	/System/Library/Frameworks/Accelerate.framework/Versions/A/Frameworks/vImage.framework/Versions/A/vImage
0x00007ff819c00000 	/System/Library/Frameworks/Accelerate.framework/Versions/A/Frameworks/vecLib.framework/Versions/A/vecLib
0x00007ff8140b0000 	/System/Library/Frameworks/Accelerate.framework/Versions/A/Frameworks/vecLib.framework/Versions/A/libvMisc.dylib
0x00007ff81292d000 	/System/Library/Frameworks/Accelerate.framework/Versions/A/Frameworks/vecLib.framework/Versions/A/libvDSP.dylib
0x00007ff809369000 	/System/Library/Frameworks/Accelerate.framework/Versions/A/Frameworks/vecLib.framework/Versions/A/libBLAS.dylib
0x00007ff813bf9000 	/System/Library/Frameworks/Accelerate.framework/Versions/A/Frameworks/vecLib.framework/Versions/A/libLAPACK.dylib
0x00007ff812f3c000 	/System/Library/Frameworks/Accelerate.framework/Versions/A/Frameworks/vecLib.framework/Versions/A/libLinearAlgebra.dylib
0x00007ff813aff000 	/System/Library/Frameworks/Accelerate.framework/Versions/A/Frameworks/vecLib.framework/Versions/A/libSparseBLAS.dylib
0x00007ff813bf3000 	/System/Library/Frameworks/Accelerate.framework/Versions/A/Frameworks/vecLib.framework/Versions/A/libQuadrature.dylib
0x00007ff812259000 	/System/Library/Frameworks/Accelerate.framework/Versions/A/Frameworks/vecLib.framework/Versions/A/libBNNS.dylib
0x00007ff809603000 	/System/Library/Frameworks/Accelerate.framework/Versions/A/Frameworks/vecLib.framework/Versions/A/libSparse.dylib
0x00007ff812252000 	/System/Library/PrivateFrameworks/LinguisticData.framework/Versions/A/LinguisticData
0x00007ff8095b9000 	/System/Library/PrivateFrameworks/Lexicon.framework/Versions/A/Lexicon
0x00007ff8140a9000 	/usr/lib/libChineseTokenizer.dylib
0x00007ff809d27000 	/System/Library/PrivateFrameworks/LanguageModeling.framework/Versions/A/LanguageModeling
0x00007ff813ac4000 	/System/Library/PrivateFrameworks/AppleSauce.framework/Versions/A/AppleSauce
0x00007ff812af0000 	/System/Library/PrivateFrameworks/CoreEmoji.framework/Versions/A/CoreEmoji
0x00007ff8139c4000 	/usr/lib/libcmph.dylib
0x00007ff8101c1000 	/System/Library/Frameworks/OpenDirectory.framework/Versions/A/Frameworks/CFOpenDirectory.framework/Versions/A/CFOpenDirectory
0x00007ff8101b5000 	/System/Library/Frameworks/OpenDirectory.framework/Versions/A/OpenDirectory
0x00007ff814002000 	/System/Library/PrivateFrameworks/APFS.framework/Versions/A/APFS
0x00007ff812e06000 	/System/Library/Frameworks/SecurityFoundation.framework/Versions/A/SecurityFoundation
0x00007ff81407d000 	/usr/lib/libutil.dylib
0x00007ff80b416000 	/System/Library/PrivateFrameworks/CoreServicesStore.framework/Versions/A/CoreServicesStore
0x00007ff814081000 	/usr/lib/libxslt.1.dylib
0x00007ff812e93000 	/System/Library/PrivateFrameworks/BackgroundTaskManagement.framework/Versions/A/BackgroundTaskManagement
0x00007ff8154ec000 	/System/Library/Frameworks/ImageIO.framework/Versions/A/Resources/libRadiance.dylib
0x00007ff8154f5000 	/System/Library/Frameworks/ImageIO.framework/Versions/A/Resources/libJPEG.dylib
0x00007ff815446000 	/System/Library/Frameworks/ImageIO.framework/Versions/A/Resources/libPng.dylib
0x00007ff815467000 	/System/Library/Frameworks/ImageIO.framework/Versions/A/Resources/libTIFF.dylib
0x00007ff815555000 	/System/Library/Frameworks/ImageIO.framework/Versions/A/Resources/libGIF.dylib
0x00007ff814d81000 	/System/Library/Frameworks/ImageIO.framework/Versions/A/Resources/libJP2.dylib
0x00007ff8144bf000 	/usr/lib/libexpat.1.dylib
0x00007ff814d36000 	/System/Library/PrivateFrameworks/AppleJPEG.framework/Versions/A/AppleJPEG
0x00007ff8116a3000 	/System/Library/PrivateFrameworks/FontServices.framework/libFontParser.dylib
0x00007ff80f1bf000 	/System/Library/PrivateFrameworks/RunningBoardServices.framework/Versions/A/RunningBoardServices
0x00007ff81feb8000 	/System/Library/PrivateFrameworks/IOSurfaceAccelerator.framework/Versions/A/IOSurfaceAccelerator
0x00007ff814e63000 	/System/Library/PrivateFrameworks/WatchdogClient.framework/Versions/A/WatchdogClient
0x00007ff809e15000 	/System/Library/Frameworks/CoreDisplay.framework/Versions/A/CoreDisplay
0x00007ff8115a1000 	/System/Library/Frameworks/CoreMedia.framework/Versions/A/CoreMedia
0x00007ff811438000 	/System/Library/PrivateFrameworks/IOAccelerator.framework/Versions/A/IOAccelerator
0x00007ff81033e000 	/System/Library/Frameworks/CoreVideo.framework/Versions/A/CoreVideo
0x00007ff813b15000 	/System/Library/Frameworks/MetalPerformanceShaders.framework/Versions/A/MetalPerformanceShaders
0x00007ff814ea0000 	/System/Library/Frameworks/VideoToolbox.framework/Versions/A/VideoToolbox
0x00007ff80f109000 	/System/Library/PrivateFrameworks/BaseBoard.framework/Versions/A/BaseBoard
0x00007ff80ee90000 	/System/Library/PrivateFrameworks/ProtocolBuffer.framework/Versions/A/ProtocolBuffer
0x00007ff8154e5000 	/System/Library/PrivateFrameworks/GPUWrangler.framework/Versions/A/GPUWrangler
0x00007ff8154c9000 	/System/Library/PrivateFrameworks/IOPresentment.framework/Versions/A/IOPresentment
0x00007ff8154ef000 	/System/Library/PrivateFrameworks/DSExternalDisplay.framework/Versions/A/DSExternalDisplay
0x00007ffa21865000 	/System/Library/Frameworks/OpenGL.framework/Versions/A/Libraries/libCoreFSCache.dylib
0x00007ffb0e369000 	/System/Library/PrivateFrameworks/GPUCompiler.framework/Versions/31001/Libraries/libGPUCompilerUtils.dylib
0x00007ff81555a000 	/System/Library/PrivateFrameworks/CMCaptureCore.framework/Versions/A/CMCaptureCore
0x00007ff814a67000 	/System/Library/PrivateFrameworks/AppServerSupport.framework/Versions/A/AppServerSupport
0x00007ff816d26000 	/System/Library/PrivateFrameworks/perfdata.framework/Versions/A/perfdata
0x00007ff809f41000 	/System/Library/PrivateFrameworks/AudioToolboxCore.framework/Versions/A/AudioToolboxCore
0x00007ff81157f000 	/System/Library/PrivateFrameworks/caulk.framework/Versions/A/caulk
0x00007ff816638000 	/usr/lib/libAudioStatistics.dylib
0x00007ff90e32f000 	/System/Library/PrivateFrameworks/SystemPolicy.framework/Versions/A/SystemPolicy
0x00007ff816893000 	/usr/lib/libSMC.dylib
0x00007ff81f7b0000 	/System/Library/Frameworks/CoreMIDI.framework/Versions/A/CoreMIDI
0x00007ff815415000 	/usr/lib/libAudioToolboxUtility.dylib
0x00007ff90a564000 	/System/Library/PrivateFrameworks/OSAServicesClient.framework/Versions/A/OSAServicesClient
0x00007ff816d33000 	/usr/lib/libperfcheck.dylib
0x00007ff90edd9000 	/usr/lib/libmis.dylib
0x00007ffa218c0000 	/System/Library/Frameworks/OpenGL.framework/Versions/A/Libraries/libGLU.dylib
0x00007ffa21884000 	/System/Library/Frameworks/OpenGL.framework/Versions/A/Libraries/libGFXShared.dylib
0x00007ffa21a8d000 	/System/Library/Frameworks/OpenGL.framework/Versions/A/Libraries/libGL.dylib
0x00007ffa2188d000 	/System/Library/Frameworks/OpenGL.framework/Versions/A/Libraries/libGLImage.dylib
0x00007ffa21881000 	/System/Library/Frameworks/OpenGL.framework/Versions/A/Libraries/libCVMSPluginSupport.dylib
0x00007ffa2186c000 	/System/Library/Frameworks/OpenGL.framework/Versions/A/Libraries/libCoreVMClient.dylib
0x00007ff8120ea000 	/System/Library/Frameworks/MetalPerformanceShaders.framework/Versions/A/Frameworks/MPSCore.framework/Versions/A/MPSCore
0x00007ff8134ac000 	/System/Library/Frameworks/MetalPerformanceShaders.framework/Versions/A/Frameworks/MPSImage.framework/Versions/A/MPSImage
0x00007ff812f52000 	/System/Library/Frameworks/MetalPerformanceShaders.framework/Versions/A/Frameworks/MPSNeuralNetwork.framework/Versions/A/MPSNeuralNetwork
0x00007ff8133c6000 	/System/Library/Frameworks/MetalPerformanceShaders.framework/Versions/A/Frameworks/MPSMatrix.framework/Versions/A/MPSMatrix
0x00007ff813181000 	/System/Library/Frameworks/MetalPerformanceShaders.framework/Versions/A/Frameworks/MPSRayIntersector.framework/Versions/A/MPSRayIntersector
0x00007ff8133fe000 	/System/Library/Frameworks/MetalPerformanceShaders.framework/Versions/A/Frameworks/MPSNDArray.framework/Versions/A/MPSNDArray
0x00007ffa26a87000 	/System/Library/Frameworks/MetalPerformanceShaders.framework/Versions/A/Frameworks/MPSFunctions.framework/Versions/A/MPSFunctions
0x00007ff809242000 	/System/Library/PrivateFrameworks/MetalTools.framework/Versions/A/MetalTools
0x00007ff812166000 	/System/Library/PrivateFrameworks/AggregateDictionary.framework/Versions/A/AggregateDictionary
0x00007ff8142a1000 	/usr/lib/libIOReport.dylib
0x00007ffa22e9c000 	/System/Library/Frameworks/OpenCL.framework/Versions/A/OpenCL
0x00007ff814605000 	/System/Library/PrivateFrameworks/FaceCore.framework/Versions/A/FaceCore
0x00007ff8145f6000 	/System/Library/PrivateFrameworks/GraphVisualizer.framework/Versions/A/GraphVisualizer
0x00007ffb0e274000 	/System/Library/PrivateFrameworks/FontServices.framework/Versions/A/FontServices
0x00007ff814a1f000 	/System/Library/PrivateFrameworks/OTSVG.framework/Versions/A/OTSVG
0x00007ff80ff25000 	/System/Library/Frameworks/ApplicationServices.framework/Versions/A/Frameworks/ATS.framework/Versions/A/Resources/libFontRegistry.dylib
0x00007ff814a6f000 	/System/Library/PrivateFrameworks/FontServices.framework/libhvf.dylib
0x00007ffb0e275000 	/System/Library/PrivateFrameworks/FontServices.framework/libXTFontStaticRegistryData.dylib
0x00007ff81446f000 	/System/Library/PrivateFrameworks/AppleVA.framework/Versions/A/AppleVA
0x00007ff816658000 	/System/Library/Frameworks/ApplicationServices.framework/Versions/A/Frameworks/ATS.framework/Versions/A/ATS
0x00007ff80e5d6000 	/System/Library/Frameworks/ApplicationServices.framework/Versions/A/Frameworks/HIServices.framework/Versions/A/HIServices
0x00007ff815564000 	/System/Library/Frameworks/ApplicationServices.framework/Versions/A/Frameworks/PrintCore.framework/Versions/A/PrintCore
0x00007ff8169e6000 	/System/Library/Frameworks/ApplicationServices.framework/Versions/A/Frameworks/QD.framework/Versions/A/QD
0x00007ff8169de000 	/System/Library/Frameworks/ApplicationServices.framework/Versions/A/Frameworks/ColorSyncLegacy.framework/Versions/A/ColorSyncLegacy
0x00007ff816648000 	/System/Library/Frameworks/ApplicationServices.framework/Versions/A/Frameworks/SpeechSynthesis.framework/Versions/A/SpeechSynthesis
0x00007ff815525000 	/System/Library/Frameworks/ApplicationServices.framework/Versions/A/Frameworks/ATSUI.framework/Versions/A/ATSUI
0x00007ff816973000 	/usr/lib/libcups.2.dylib
0x00007ff816d42000 	/System/Library/Frameworks/Kerberos.framework/Versions/A/Kerberos
0x00007ff816d51000 	/System/Library/Frameworks/GSS.framework/Versions/A/GSS
0x00007ff8166c4000 	/usr/lib/libresolv.9.dylib
0x00007ff814a7e000 	/System/Library/PrivateFrameworks/Heimdal.framework/Versions/A/Heimdal
0x00007ff81d933000 	/System/Library/Frameworks/Kerberos.framework/Versions/A/Libraries/libHeimdalProxy.dylib
0x00007ff80f292000 	/System/Library/Frameworks/Network.framework/Versions/A/Network
0x00007ff8144d9000 	/usr/lib/libheimdal-asn1.dylib
0x00007ff816d9c000 	/System/Library/PrivateFrameworks/CommonAuth.framework/Versions/A/CommonAuth
0x00007ff8165ca000 	/System/Library/PrivateFrameworks/AudioSession.framework/Versions/A/AudioSession
0x00007ff814569000 	/System/Library/PrivateFrameworks/MediaExperience.framework/Versions/A/MediaExperience
0x00007ff81645d000 	/System/Library/PrivateFrameworks/AudioSession.framework/libSessionUtility.dylib
0x00007ff8169f2000 	/System/Library/PrivateFrameworks/AudioResourceArbitration.framework/Versions/A/AudioResourceArbitration
0x00007ff81aa73000 	/System/Library/PrivateFrameworks/PowerLog.framework/Versions/A/PowerLog
0x00007ff8144e2000 	/System/Library/PrivateFrameworks/IconFoundation.framework/Versions/A/IconFoundation
0x00007ff819829000 	/System/Library/PrivateFrameworks/SpeechRecognitionCore.framework/Versions/A/SpeechRecognitionCore
0x000000010b399000 	/Users/lap13727/Library/Java/JavaVirtualMachines/corretto-1.8.0_332/Contents/Home/jre/lib/server/libjvm.dylib
0x000000010a5d8000 	/Users/lap13727/Library/Java/JavaVirtualMachines/corretto-1.8.0_332/Contents/Home/jre/lib/libverify.dylib
0x000000010a636000 	/Users/lap13727/Library/Java/JavaVirtualMachines/corretto-1.8.0_332/Contents/Home/jre/lib/libjava.dylib
0x000000010a697000 	/Users/lap13727/Library/Java/JavaVirtualMachines/corretto-1.8.0_332/Contents/Home/jre/lib/libzip.dylib
0x000000010b374000 	/Users/lap13727/Library/Java/JavaVirtualMachines/corretto-1.8.0_332/Contents/Home/jre/lib/libnio.dylib
0x000000010f652000 	/Users/lap13727/Library/Java/JavaVirtualMachines/corretto-1.8.0_332/Contents/Home/jre/lib/libnet.dylib
0x000000010b357000 	/Users/lap13727/Zalo Tech Fresher/Zinstant/KotlinJniTest/src/main/kotlin/build/libNativeSample.jnilib

VM Arguments:
java_command: KotlinJniTest.jar
java_class_path (initial): KotlinJniTest.jar
Launcher Type: SUN_STANDARD

Environment Variables:
PATH=/Library/Frameworks/Python.framework/Versions/3.10/bin:/usr/local/bin:/usr/bin:/bin:/usr/sbin:/sbin:/Library/Apple/usr/bin:/Library/Frameworks/Python.framework/Versions/3.10/bin
SHELL=/bin/zsh

Signal Handlers:
SIGSEGV: [libjvm.dylib+0x5771a7], sa_mask[0]=11111111011111110111111111111111, sa_flags=SA_ONSTACK|SA_RESTART|SA_SIGINFO
SIGBUS: [libjvm.dylib+0x5771a7], sa_mask[0]=11111111011111110111111111111111, sa_flags=SA_RESTART|SA_SIGINFO
SIGFPE: [libjvm.dylib+0x470a87], sa_mask[0]=11111111011111110111111111111111, sa_flags=SA_RESTART|SA_SIGINFO
SIGPIPE: [libjvm.dylib+0x470a87], sa_mask[0]=11111111011111110111111111111111, sa_flags=SA_RESTART|SA_SIGINFO
SIGXFSZ: [libjvm.dylib+0x470a87], sa_mask[0]=11111111011111110111111111111111, sa_flags=SA_RESTART|SA_SIGINFO
SIGILL: [libjvm.dylib+0x470a87], sa_mask[0]=11111111011111110111111111111111, sa_flags=SA_RESTART|SA_SIGINFO
SIGUSR1: SIG_DFL, sa_mask[0]=00000000000000000000000000000000, sa_flags=SA_RESTART
SIGUSR2: [libjvm.dylib+0x471366], sa_mask[0]=00000000000000000000000000000000, sa_flags=SA_RESTART|SA_SIGINFO
SIGHUP: [libjvm.dylib+0x46f52f], sa_mask[0]=11111111011111110111111111111111, sa_flags=SA_RESTART|SA_SIGINFO
SIGINT: [libjvm.dylib+0x46f52f], sa_mask[0]=11111111011111110111111111111111, sa_flags=SA_RESTART|SA_SIGINFO
SIGTERM: [libjvm.dylib+0x46f52f], sa_mask[0]=11111111011111110111111111111111, sa_flags=SA_RESTART|SA_SIGINFO
SIGQUIT: [libjvm.dylib+0x46f52f], sa_mask[0]=11111111011111110111111111111111, sa_flags=SA_RESTART|SA_SIGINFO


---------------  S Y S T E M  ---------------

OS:Bsduname:Darwin 21.5.0 Darwin Kernel Version 21.5.0: Tue Apr 26 21:08:22 PDT 2022; root:xnu-8020.121.3~4/RELEASE_X86_64 x86_64
rlimit: STACK 8192k, CORE 0k, NPROC 2784, NOFILE 10240, AS infinity
load average:3.52 2.42 2.37

CPU:total 8 (initial active 8) (4 cores per cpu, 2 threads per core) family 6 model 142 stepping 10, cmov, cx8, fxsr, mmx, sse, sse2, sse3, ssse3, sse4.1, sse4.2, popcnt, avx, avx2, aes, clmul, erms, 3dnowpref, lzcnt, ht, tsc, tscinvbit, bmi1, bmi2, adx

Memory: 4k page, physical 16777216k(1513040k free)

/proc/meminfo:


vm_info: OpenJDK 64-Bit Server VM (25.332-b08) for bsd-amd64 JRE (1.8.0_332-b08), built on Apr 16 2022 08:21:29 by "ec2-user" with gcc Apple LLVM 13.0.0 (clang-1300.0.29.30)

time: Fri Aug 12 14:52:34 2022
timezone: +07
elapsed time: 0.344805 seconds (0d 0h 0m 0s)

